2023-11-19 11:55:14,103 INFO Keylogger started.
2023-11-19 11:55:17,242 INFO Keystroke detected: 'h'
2023-11-19 11:55:17,346 INFO Keystroke detected: 'o'
2023-11-19 11:55:17,641 INFO Keystroke detected: 'l'
2023-11-19 11:55:17,713 INFO Keystroke detected: 'a'
2023-11-19 11:55:17,889 INFO Keystroke detected: Key.space
2023-11-19 11:55:20,025 INFO Keystroke detected: Key.backspace
2023-11-19 11:55:20,536 INFO Keystroke detected: Key.backspace
2023-11-19 11:55:20,569 INFO Keystroke detected: Key.backspace
2023-11-19 11:55:20,601 INFO Keystroke detected: Key.backspace
2023-11-19 11:55:20,631 INFO Keystroke detected: Key.backspace
2023-11-19 11:55:20,661 INFO Keystroke detected: Key.backspace
2023-11-19 11:55:20,692 INFO Keystroke detected: Key.backspace
2023-11-19 11:55:20,725 INFO Keystroke detected: Key.backspace
2023-11-19 11:55:20,772 INFO Keystroke detected: Key.backspace
2023-11-19 11:55:20,803 INFO Keystroke detected: Key.backspace
2023-11-19 11:55:21,025 INFO Keystroke detected: 'v'
2023-11-19 11:55:21,129 INFO Keystroke detected: 'a'
2023-11-19 11:55:21,249 INFO Keystroke detected: 'm'
2023-11-19 11:55:21,322 INFO Keystroke detected: 'o'
2023-11-19 11:55:21,433 INFO Keystroke detected: 's'
2023-11-19 11:55:21,673 INFO Keystroke detected: Key.space
2023-11-19 11:55:21,770 INFO Keystroke detected: 'a'
2023-11-19 11:55:21,882 INFO Keystroke detected: Key.space
2023-11-19 11:55:22,321 INFO Keystroke detected: 'p'
2023-11-19 11:55:22,418 INFO Keystroke detected: 'r'
2023-11-19 11:55:22,553 INFO Keystroke detected: 'o'
2023-11-19 11:55:22,825 INFO Keystroke detected: 'b'
2023-11-19 11:55:22,882 INFO Keystroke detected: 'a'
2023-11-19 11:55:23,033 INFO Keystroke detected: 'r'
2023-11-19 11:55:23,138 INFO Keystroke detected: Key.space
2023-11-19 11:55:23,346 INFO Keystroke detected: 'e'
2023-11-19 11:55:23,394 INFO Keystroke detected: 'l'
2023-11-19 11:55:23,521 INFO Keystroke detected: Key.space
2023-11-19 11:55:24,210 INFO Keystroke detected: 'k'
2023-11-19 11:55:24,282 INFO Keystroke detected: 'e'
2023-11-19 11:55:24,553 INFO Keystroke detected: 'y'
2023-11-19 11:55:25,666 INFO Keystroke detected: 'l'
2023-11-19 11:55:25,890 INFO Keystroke detected: 'o'
2023-11-19 11:55:26,137 INFO Keystroke detected: 'g'
2023-11-19 11:55:26,338 INFO Keystroke detected: 'g'
2023-11-19 11:55:26,441 INFO Keystroke detected: 'e'
2023-11-19 11:55:26,593 INFO Keystroke detected: 'r'
2023-11-19 11:55:27,217 INFO Keystroke detected: Key.alt_l
2023-11-19 11:55:27,377 INFO Keystroke detected: Key.tab
2023-11-19 11:55:36,434 INFO Keystroke detected: Key.alt_l
2023-11-19 11:55:36,522 INFO Keystroke detected: Key.tab
2023-11-19 11:55:38,161 INFO Keystroke detected: Key.ctrl_l
2023-11-19 11:55:38,329 INFO Keystroke detected: '\x01'
2023-11-19 11:55:39,002 INFO Keystroke detected: '\x03'
2023-11-19 11:55:39,962 INFO Keystroke detected: Key.alt_l
2023-11-19 11:55:40,041 INFO Keystroke detected: Key.tab
2023-11-19 11:55:41,738 INFO Keystroke detected: Key.alt_l
2023-11-19 11:55:41,810 INFO Keystroke detected: Key.tab
2023-11-19 11:55:43,809 INFO Keystroke detected: Key.ctrl_l
2023-11-19 11:55:44,066 INFO Keystroke detected: '\x03'
2023-11-19 11:55:44,313 INFO Keystroke detected: '\x03'
2023-11-19 11:55:44,497 INFO Keystroke detected: '\x03'
2023-11-19 11:55:44,690 INFO Keystroke detected: '\x03'
2023-11-19 11:55:44,874 INFO Keystroke detected: '\x03'
2023-11-19 11:55:45,377 INFO Keystroke detected: Key.ctrl_l
2023-11-19 11:55:45,801 INFO Keystroke detected: '\x01'
2023-11-19 11:55:46,457 INFO Keystroke detected: '\x03'
2023-11-19 11:55:46,674 INFO Keystroke detected: '\x03'
2023-11-19 11:55:46,849 INFO Keystroke detected: '\x03'
2023-11-19 11:55:47,409 INFO Keystroke detected: Key.backspace
2023-11-19 11:55:48,233 INFO Keystroke detected: Key.ctrl_l
2023-11-19 11:55:48,742 INFO Keystroke detected: Key.ctrl_l
2023-11-19 11:55:48,773 INFO Keystroke detected: Key.ctrl_l
2023-11-19 11:55:48,812 INFO Keystroke detected: Key.ctrl_l
2023-11-19 11:55:48,836 INFO Keystroke detected: Key.ctrl_l
2023-11-19 11:55:48,867 INFO Keystroke detected: Key.ctrl_l
2023-11-19 11:55:48,899 INFO Keystroke detected: Key.ctrl_l
2023-11-19 11:55:48,914 INFO Keystroke detected: '\x16'
2023-11-19 11:55:49,689 INFO Keystroke detected: Key.alt_l
2023-11-19 11:55:49,770 INFO Keystroke detected: Key.tab
2023-11-19 11:56:05,137 INFO Keystroke detected: Key.alt_l
2023-11-19 11:56:05,409 INFO Keystroke detected: Key.tab
2023-11-19 11:56:07,802 INFO Keystroke detected: Key.alt_l
2023-11-19 11:56:07,889 INFO Keystroke detected: Key.tab
2023-11-19 11:56:11,361 INFO Keystroke detected: Key.ctrl_l
2023-11-19 11:56:11,593 INFO Keystroke detected: '\x03'
2023-11-19 11:56:12,721 INFO Keystroke detected: Key.ctrl_l
2023-11-19 11:56:12,914 INFO Keystroke detected: '\x03'
2023-11-19 11:56:13,850 INFO Keystroke detected: Key.ctrl_l
2023-11-19 11:56:14,058 INFO Keystroke detected: '\x03'
2023-11-19 11:56:17,633 INFO Keystroke detected: Key.ctrl_l
2023-11-19 11:56:17,762 INFO Keystroke detected: '\x03'
2023-11-19 11:56:18,106 INFO Keystroke detected: '\x03'
2023-11-19 11:56:18,337 INFO Keystroke detected: '\x03'
2023-11-19 11:56:18,529 INFO Keystroke detected: '\x03'
2023-11-19 11:56:18,722 INFO Keystroke detected: '\x03'
2023-11-19 11:56:18,970 INFO Keystroke detected: '\x03'
2023-11-19 11:56:26,793 INFO Keystroke detected: Key.ctrl_l
2023-11-19 11:56:27,026 INFO Keystroke detected: '\x02'
2023-11-19 11:56:56,986 INFO Keystroke detected: Key.ctrl_l
2023-11-19 11:56:57,257 INFO Keystroke detected: '\x03'
2023-11-19 11:56:59,089 INFO Keystroke detected: Key.ctrl_l
2023-11-19 11:56:59,225 INFO Keystroke detected: '\x03'
